n_gamma: 	 1.3800127306320318
n_s: 	 [1]
******************************************************
***          SENSE Simulation Parameters           ***
******************************************************
1  ICs randomly generated from input parameters
------------------------------------------------------
e-beam:  En0        =   530000035.1817701  eV
e-beam:  gamma_0    =   1037.1819960861058
e-beam:  sig_g      =   1e-06
e-beam:  eps_x_n    =   0.0  m rad
e-beam:  eps_y_n    =   0.0  m rad
e-beam:  eps_x      =   0.0  m rad
e-beam:  eps_y      =   0.0  m rad
e-beam:  sigma_e_x  =   2.1e-13  m
e-beam:  sigma_e_y  =   2.1e-13  m
e-beam:  sigma_e_px =   0.0  rad
e-beam:  sigma_e_py =   0.0  rad
------------------------------------------------------
p-beam:  lambda0    =   0.1  m
p-beam:  p_0        =   2.8323988818173e-19  kg m/s
p-beam:  sig        =   10.0
p-beam:  sigma_p_x  =   15.0  m
p-beam:  sigma_p_y  =   15.0  m
p-beam:  a0         =   4.0
p-beam:  iTypeEnv   =   5
p-beam:  modType    =   11
p-beam:  n_gamma    =   1.3800127306320318
p-beam:  X          =   1.0064873605374257e-07
p-beam:  angle      =   0.0  rad
------------------------------------------------------
p-beam:  no chirp
------------------------------------------------------
aperture:  circular 
aperture:  L_aper   =   60.0  m
aperture:  R_aper   =   1e-07  m
aperture:  theta_a  =   1.6666666666666665e-09  rad
------------------------------------------------------
------------------------------------------------------
simulation:  w_min  =   1e-07
simulation:  w_max  =   2.0
simulation:  Nout   =   15000
simulation:  Ntot   =   15000000
simulation:  Npart  =   1
simulation:  N_MC   =   1
------------------------------------------------------
e-beam mean E_0     =   530.00003518177  MeV (computed)
scattered mean E'   =   0.053350574842956945  keV
******************************************************
Finished sampling electron distribution...
Finished computing parameters for each electron...
Now executing spectrum computation on  12  CPUs
Radiated energy at the spectral peak:  100.77528441194474
Mean radiated energy                :  62.76321279916807
A =  1.5033923200429417e-36

real	343m13.356s
user	342m40.189s
sys	0m57.602s
